{"/home/wesleyr/Cursos/Full Cycle/Devops/Integração Continua - CI/Node-CI/src/circle.ts": {"path":"/home/wesleyr/Cursos/Full Cycle/Devops/Integração Continua - CI/Node-CI/src/circle.ts","statementMap":{"0":{"start":{"line":1,"column":0},"end":{"line":1,"column":16}},"1":{"start":{"line":2,"column":2},"end":{"line":2,"column":65}},"2":{"start":{"line":2,"column":16},"end":{"line":2,"column":65}},"3":{"start":{"line":3,"column":2},"end":{"line":3,"column":31}}},"fnMap":{"0":{"name":"areaCirculo","decl":{"start":{"line":1,"column":16},"end":{"line":1,"column":27}},"loc":{"start":{"line":1,"column":40},"end":{"line":4,"column":1}}}},"branchMap":{"0":{"loc":{"start":{"line":2,"column":2},"end":{"line":2,"column":65}},"type":"if","locations":[{"start":{"line":2,"column":2},"end":{"line":2,"column":65}}]}},"s":{"0":1,"1":3,"2":1,"3":2},"f":{"0":3},"b":{"0":[1]}}
}
